<?xml version="1.0" encoding="UTF-8"?>
<testng-results skipped="0" failed="0" total="1" passed="1">
  <reporter-output>
  </reporter-output>
  <suite name="Suite" duration-ms="5928" started-at="2020-05-06T15:46:38Z" finished-at="2020-05-06T15:46:44Z">
    <groups>
    </groups>
    <test name="Test" duration-ms="5928" started-at="2020-05-06T15:46:38Z" finished-at="2020-05-06T15:46:44Z">
      <class name="com.selenium.testcases.LoginTest">
        <test-method status="PASS" signature="setUp1()[pri:0, instance:com.selenium.testcases.LoginTest@3632be31]" name="setUp1" is-config="true" duration-ms="8" started-at="2020-05-06T21:16:38Z" finished-at="2020-05-06T21:16:38Z">
          <reporter-output>
          </reporter-output>
        </test-method> <!-- setUp1 -->
        <test-method status="PASS" signature="setUp2()[pri:0, instance:com.selenium.testcases.LoginTest@3632be31]" name="setUp2" is-config="true" duration-ms="3925" started-at="2020-05-06T21:16:38Z" finished-at="2020-05-06T21:16:42Z">
          <reporter-output>
          </reporter-output>
        </test-method> <!-- setUp2 -->
        <test-method status="PASS" signature="sellerLogin()[pri:0, instance:com.selenium.testcases.LoginTest@3632be31]" name="sellerLogin" duration-ms="1978" started-at="2020-05-06T21:16:42Z" finished-at="2020-05-06T21:16:44Z">
          <reporter-output>
          </reporter-output>
        </test-method> <!-- sellerLogin -->
      </class> <!-- com.selenium.testcases.LoginTest -->
    </test> <!-- Test -->
  </suite> <!-- Suite -->
</testng-results>
