<?xml version="1.0" encoding="UTF-8"?>
<testng-results skipped="0" failed="0" ignored="0" total="1" passed="1">
  <reporter-output>
  </reporter-output>
  <suite name="com.selenium.testcases.LoginTest" duration-ms="244" started-at="2020-05-06T13:56:50Z" finished-at="2020-05-06T13:56:50Z">
    <groups>
    </groups>
    <test name="Command line test" duration-ms="244" started-at="2020-05-06T13:56:50Z" finished-at="2020-05-06T13:56:50Z">
      <class name="com.selenium.testcases.LoginTest">
        <test-method status="PASS" signature="setUp1()[pri:0, instance:com.selenium.testcases.LoginTest@783e6358]" name="setUp1" is-config="true" duration-ms="84" started-at="2020-05-06T13:56:50Z" finished-at="2020-05-06T13:56:50Z">
          <reporter-output>
          </reporter-output>
        </test-method> <!-- setUp1 -->
        <test-method status="PASS" signature="setUp2()[pri:0, instance:com.selenium.testcases.LoginTest@783e6358]" name="setUp2" is-config="true" duration-ms="117" started-at="2020-05-06T13:56:50Z" finished-at="2020-05-06T13:56:50Z">
          <reporter-output>
          </reporter-output>
        </test-method> <!-- setUp2 -->
        <test-method status="PASS" signature="sellerLogin()[pri:0, instance:com.selenium.testcases.LoginTest@783e6358]" name="sellerLogin" duration-ms="15" started-at="2020-05-06T13:56:50Z" finished-at="2020-05-06T13:56:50Z">
          <reporter-output>
          </reporter-output>
        </test-method> <!-- sellerLogin -->
      </class> <!-- com.selenium.testcases.LoginTest -->
    </test> <!-- Command line test -->
  </suite> <!-- com.selenium.testcases.LoginTest -->
</testng-results>
